# JRE version: OpenJDK Runtime Environment (11.0.8+10) (build 11.0.8+10-b944.6842174)
# Java VM: OpenJDK 64-Bit Server VM (11.0.8+10-b944.6842174, mixed mode, tiered, compressed oops, g1 gc, windows-amd64)
Heap:
 garbage-first heap   total 565248K, used 127619K [0x00000000a0000000, 0x0000000100000000)
  region size 1024K, 26 young (26624K), 3 survivors (3072K)
 Metaspace       used 103089K, capacity 106001K, committed 106280K, reserved 1142784K
  class space    used 12631K, capacity 13584K, committed 13696K, reserved 1048576K
GC Heap History (20 events):
Event: 44.208 GC heap before
{Heap before GC invocations=53 (full 0):
 garbage-first heap   total 376832K, used 226942K [0x00000000a0000000, 0x0000000100000000)
  region size 1024K, 149 young (152576K), 8 survivors (8192K)
 Metaspace       used 86973K, capacity 89089K, committed 89384K, reserved 1126400K
  class space    used 11079K, capacity 11784K, committed 11904K, reserved 1048576K
}
Event: 44.592 GC heap after
{Heap after GC invocations=54 (full 0):
 garbage-first heap   total 376832K, used 90225K [0x00000000a0000000, 0x0000000100000000)
  region size 1024K, 16 young (16384K), 16 survivors (16384K)
 Metaspace       used 86973K, capacity 89089K, committed 89384K, reserved 1126400K
  class space    used 11079K, capacity 11784K, committed 11904K, reserved 1048576K
}
Event: 47.090 GC heap before
{Heap before GC invocations=54 (full 0):
 garbage-first heap   total 376832K, used 102513K [0x00000000a0000000, 0x0000000100000000)
  region size 1024K, 28 young (28672K), 16 survivors (16384K)
 Metaspace       used 87039K, capacity 89090K, committed 89384K, reserved 1126400K
  class space    used 11083K, capacity 11784K, committed 11904K, reserved 1048576K
}
Event: 47.227 GC heap after
{Heap after GC invocations=55 (full 0):
 garbage-first heap   total 376832K, used 91668K [0x00000000a0000000, 0x0000000100000000)
  region size 1024K, 2 young (2048K), 2 survivors (2048K)
 Metaspace       used 87039K, capacity 89090K, committed 89384K, reserved 1126400K
  class space    used 11083K, capacity 11784K, committed 11904K, reserved 1048576K
}
Event: 53.573 GC heap before
{Heap before GC invocations=55 (full 0):
 garbage-first heap   total 376832K, used 184852K [0x00000000a0000000, 0x0000000100000000)
  region size 1024K, 93 young (95232K), 2 survivors (2048K)
 Metaspace       used 89942K, capacity 92304K, committed 92584K, reserved 1130496K
  class space    used 11427K, capacity 12223K, committed 12288K, reserved 1048576K
}
Event: 53.598 GC heap after
{Heap after GC invocations=56 (full 0):
 garbage-first heap   total 565248K, used 94217K [0x00000000a0000000, 0x0000000100000000)
  region size 1024K, 5 young (5120K), 5 survivors (5120K)
 Metaspace       used 89942K, capacity 92304K, committed 92584K, reserved 1130496K
  class space    used 11427K, capacity 12223K, committed 12288K, reserved 1048576K
}
Event: 56.681 GC heap before
{Heap before GC invocations=56 (full 0):
 garbage-first heap   total 565248K, used 206857K [0x00000000a0000000, 0x0000000100000000)
  region size 1024K, 114 young (116736K), 5 survivors (5120K)
 Metaspace       used 91153K, capacity 93562K, committed 93736K, reserved 1130496K
  class space    used 11502K, capacity 12293K, committed 12416K, reserved 1048576K
}
Event: 56.698 GC heap after
{Heap after GC invocations=57 (full 0):
 garbage-first heap   total 565248K, used 99427K [0x00000000a0000000, 0x0000000100000000)
  region size 1024K, 8 young (8192K), 8 survivors (8192K)
 Metaspace       used 91153K, capacity 93562K, committed 93736K, reserved 1130496K
  class space    used 11502K, capacity 12293K, committed 12416K, reserved 1048576K
}
Event: 58.275 GC heap before
{Heap before GC invocations=57 (full 0):
 garbage-first heap   total 565248K, used 242787K [0x00000000a0000000, 0x0000000100000000)
  region size 1024K, 148 young (151552K), 8 survivors (8192K)
 Metaspace       used 91207K, capacity 93562K, committed 93736K, reserved 1130496K
  class space    used 11502K, capacity 12293K, committed 12416K, reserved 1048576K
}
Event: 58.291 GC heap after
{Heap after GC invocations=58 (full 0):
 garbage-first heap   total 565248K, used 99860K [0x00000000a0000000, 0x0000000100000000)
  region size 1024K, 8 young (8192K), 8 survivors (8192K)
 Metaspace       used 91207K, capacity 93562K, committed 93736K, reserved 1130496K
  class space    used 11502K, capacity 12293K, committed 12416K, reserved 1048576K
}
Event: 141.857 GC heap before
{Heap before GC invocations=58 (full 0):
 garbage-first heap   total 565248K, used 273940K [0x00000000a0000000, 0x0000000100000000)
  region size 1024K, 177 young (181248K), 8 survivors (8192K)
 Metaspace       used 99475K, capacity 102103K, committed 102440K, reserved 1138688K
  class space    used 12253K, capacity 13096K, committed 13184K, reserved 1048576K
}
Event: 142.609 GC heap after
{Heap after GC invocations=59 (full 0):
 garbage-first heap   total 565248K, used 100597K [0x00000000a0000000, 0x0000000100000000)
  region size 1024K, 11 young (11264K), 11 survivors (11264K)
 Metaspace       used 99475K, capacity 102103K, committed 102440K, reserved 1138688K
  class space    used 12253K, capacity 13096K, committed 13184K, reserved 1048576K
}
Event: 146.411 GC heap before
{Heap before GC invocations=59 (full 0):
 garbage-first heap   total 565248K, used 115957K [0x00000000a0000000, 0x0000000100000000)
  region size 1024K, 27 young (27648K), 11 survivors (11264K)
 Metaspace       used 100417K, capacity 103068K, committed 103336K, reserved 1138688K
  class space    used 12344K, capacity 13221K, committed 13312K, reserved 1048576K
}
Event: 147.778 GC heap after
{Heap after GC invocations=60 (full 0):
 garbage-first heap   total 565248K, used 104099K [0x00000000a0000000, 0x0000000100000000)
  region size 1024K, 4 young (4096K), 4 survivors (4096K)
 Metaspace       used 100417K, capacity 103068K, committed 103336K, reserved 1138688K
  class space    used 12344K, capacity 13221K, committed 13312K, reserved 1048576K
}
Event: 150.868 GC heap before
{Heap before GC invocations=60 (full 0):
 garbage-first heap   total 565248K, used 126627K [0x00000000a0000000, 0x0000000100000000)
  region size 1024K, 27 young (27648K), 4 survivors (4096K)
 Metaspace       used 100634K, capacity 103315K, committed 103592K, reserved 1140736K
  class space    used 12350K, capacity 13255K, committed 13312K, reserved 1048576K
}
Event: 150.888 GC heap after
{Heap after GC invocations=61 (full 0):
 garbage-first heap   total 565248K, used 104099K [0x00000000a0000000, 0x0000000100000000)
  region size 1024K, 1 young (1024K), 1 survivors (1024K)
 Metaspace       used 100634K, capacity 103315K, committed 103592K, reserved 1140736K
  class space    used 12350K, capacity 13255K, committed 13312K, reserved 1048576K
}
Event: 158.449 GC heap before
{Heap before GC invocations=61 (full 0):
 garbage-first heap   total 565248K, used 129699K [0x00000000a0000000, 0x0000000100000000)
  region size 1024K, 27 young (27648K), 1 survivors (1024K)
 Metaspace       used 101745K, capacity 104512K, committed 104744K, reserved 1140736K
  class space    used 12505K, capacity 13436K, committed 13440K, reserved 1048576K
}
Event: 158.462 GC heap after
{Heap after GC invocations=62 (full 0):
 garbage-first heap   total 565248K, used 104615K [0x00000000a0000000, 0x0000000100000000)
  region size 1024K, 2 young (2048K), 2 survivors (2048K)
 Metaspace       used 101745K, capacity 104512K, committed 104744K, reserved 1140736K
  class space    used 12505K, capacity 13436K, committed 13440K, reserved 1048576K
}
Event: 169.957 GC heap before
{Heap before GC invocations=62 (full 0):
 garbage-first heap   total 565248K, used 129191K [0x00000000a0000000, 0x0000000100000000)
  region size 1024K, 27 young (27648K), 2 survivors (2048K)
 Metaspace       used 102763K, capacity 105642K, committed 105896K, reserved 1142784K
  class space    used 12606K, capacity 13551K, committed 13568K, reserved 1048576K
}
Event: 170.006 GC heap after
{Heap after GC invocations=63 (full 0):
 garbage-first heap   total 565248K, used 106115K [0x00000000a0000000, 0x0000000100000000)
  region size 1024K, 3 young (3072K), 3 survivors (3072K)
 Metaspace       used 102763K, capacity 105642K, committed 105896K, reserved 1142784K
  class space    used 12606K, capacity 13551K, committed 13568K, reserved 1048576K
}

